\BOOKMARK [1][-]{section.1}{\376\377\000I\000n\000t\000r\000o\000d\000u\000c\000t\000i\000o\000n}{}% 1
\BOOKMARK [2][-]{subsection.1.1}{\376\377\000E\000n\000o\000n\000c\000\351}{section.1}% 2
\BOOKMARK [2][-]{subsection.1.2}{\376\377\000L\000a\000n\000g\000a\000g\000e\000\040\000c\000h\000o\000i\000s\000i}{section.1}% 3
\BOOKMARK [1][-]{section.2}{\376\377\000C\000h\000o\000i\000x\000\040\000d\000e\000\040\000m\000o\000d\000\351\000l\000i\000s\000a\000t\000i\000o\000n}{}% 4
\BOOKMARK [2][-]{subsection.2.1}{\376\377\000I\000n\000t\000e\000r\000v\000a\000l\000l\000e\000\040\000d\000e\000\040\000m\000i\000s\000e\000\040\000\340\000\040\000j\000o\000u\000r}{section.2}% 5
\BOOKMARK [2][-]{subsection.2.2}{\376\377\000T\000a\000u\000x\000\040\000d\000e\000\040\000m\000o\000r\000t\000a\000l\000i\000t\000\351}{section.2}% 6
\BOOKMARK [2][-]{subsection.2.3}{\376\377\000P\000r\000o\000b\000a\000b\000i\000l\000i\000t\000\351\000\040\000u\000t\000i\000l\000i\000s\000\351\000e\000\040\000p\000o\000u\000r\000\040\000l\000e\000s\000\040\000a\000u\000t\000r\000e\000s\000\040\000a\000s\000p\000e\000c\000t\000s\000\040\000d\000e\000\040\000l\000a\000\040\000s\000i\000m\000u\000l\000a\000t\000i\000o\000n}{section.2}% 7
\BOOKMARK [3][-]{subsubsection.2.3.1}{\376\377\000N\000o\000m\000b\000r\000e\000\040\000d\000e\000\040\000p\000o\000r\000t\000\351\000e\000s}{subsection.2.3}% 8
\BOOKMARK [3][-]{subsubsection.2.3.2}{\376\377\000N\000o\000m\000b\000r\000e\000\040\000l\000e\000\040\000l\000a\000p\000e\000r\000e\000a\000u\000x\000\040\000p\000a\000r\000\040\000p\000o\000r\000t\000\351\000e}{subsection.2.3}% 9
\BOOKMARK [2][-]{subsection.2.4}{\376\377\000D\000u\000r\000\351\000e\000\040\000d\000e\000\040\000s\000i\000m\000u\000l\000a\000t\000i\000o\000n}{section.2}% 10
\BOOKMARK [1][-]{section.3}{\376\377\000E\000x\000p\000l\000i\000c\000a\000t\000i\000o\000n\000\040\000d\000u\000\040\000c\000o\000d\000e}{}% 11
\BOOKMARK [2][-]{subsection.3.1}{\376\377\000L\000a\000\040\000s\000t\000r\000u\000c\000t\000u\000r\000e\000\040\000d\000u\000\040\000c\000o\000d\000e}{section.3}% 12
\BOOKMARK [3][-]{subsubsection.3.1.1}{\376\377\000L\000a\000\040\000c\000l\000a\000s\000s\000e\000\040\000S\000i\000m\000u\000L\000a\000p\000i\000n\000A\000p\000p\000l\000i\000c\000a\000t\000i\000o\000n}{subsection.3.1}% 13
\BOOKMARK [3][-]{subsubsection.3.1.2}{\376\377\000L\000a\000\040\000c\000l\000a\000s\000s\000e\000\040\000S\000i\000m\000u\000U\000t\000i\000l\000s\000\040}{subsection.3.1}% 14
\BOOKMARK [3][-]{subsubsection.3.1.3}{\376\377\000L\000a\000\040\000c\000l\000a\000s\000s\000e\000\040\000L\000a\000p\000i\000n}{subsection.3.1}% 15
\BOOKMARK [3][-]{subsubsection.3.1.4}{\376\377\000L\000a\000\040\000c\000l\000a\000s\000s\000e\000\040\000L\000o\000g\000g\000e\000r\000C\000S\000V}{subsection.3.1}% 16
\BOOKMARK [2][-]{subsection.3.2}{\376\377\000C\000e\000r\000t\000a\000i\000n\000s\000\040\000c\000o\000d\000e\000s\000\040\000e\000n\000\040\000p\000a\000r\000t\000i\000c\000u\000l\000i\000e\000r}{section.3}% 17
\BOOKMARK [3][-]{subsubsection.3.2.1}{\376\377\000[\000l\000s\000t\000:\000i\000n\000i\000t\000T\000a\000b\000]\000i\000n\000i\000t\000H\000a\000z\000a\000r\000d\000s\000\050\000\051}{subsection.3.2}% 18
\BOOKMARK [3][-]{subsubsection.3.2.2}{\376\377\000[\000l\000s\000t\000:\000v\000e\000r\000i\000f\000P\000r\000o\000b\000a\000M\000o\000r\000t\000]\000e\000s\000t\000M\000o\000r\000t\000V\000X\000\050\000L\000a\000p\000i\000n\000\040\000l\000a\000p\000i\000n\000,\000\040\000d\000o\000u\000b\000l\000e\000\040\000n\000b\000A\000l\000e\000a\000\051}{subsection.3.2}% 19
\BOOKMARK [3][-]{subsubsection.3.2.3}{\376\377\000[\000l\000s\000t\000:\000m\000i\000s\000A\000J\000o\000u\000r\000]\000p\000r\000i\000v\000a\000t\000e\000\040\000v\000o\000i\000d\000\040\000m\000i\000s\000e\000A\000j\000o\000u\000r\000L\000i\000s\000t\000e\000\050\000M\000e\000r\000s\000e\000n\000n\000e\000T\000w\000i\000s\000t\000e\000r\000\040\000r\000n\000g\000,\000L\000i\000n\000k\000e\000d\000L\000i\000s\000t\000<\000L\000a\000p\000i\000n\000>\000\040\000p\000o\000p\000u\000l\000a\000t\000i\000o\000n\000\051}{subsection.3.2}% 20
\BOOKMARK [3][-]{subsubsection.3.2.4}{\376\377\000[\000l\000s\000t\000:\000n\000a\000i\000s\000s\000a\000n\000c\000e\000]\000p\000u\000b\000l\000i\000c\000\040\000L\000i\000n\000k\000e\000d\000L\000i\000s\000t\000<\000L\000a\000p\000i\000n\000>\000\040\000n\000a\000i\000s\000s\000a\000n\000c\000e\000\050\000L\000i\000n\000k\000e\000d\000L\000i\000s\000t\000<\000L\000a\000p\000i\000n\000>\000\040\000p\000o\000p\000u\000l\000a\000t\000i\000o\000n\000,\000\040\000M\000e\000r\000s\000e\000n\000n\000e\000T\000w\000i\000s\000t\000e\000r\000\040\000r\000n\000g\000\051}{subsection.3.2}% 21
\BOOKMARK [3][-]{subsubsection.3.2.5}{\376\377\000[\000l\000s\000t\000:\000l\000o\000g\000g\000e\000r\000I\000n\000i\000t\000]\000p\000u\000b\000l\000i\000c\000\040\000L\000o\000g\000g\000e\000r\000C\000S\000V\000\050\000S\000t\000r\000i\000n\000g\000\040\000f\000i\000l\000e\000N\000a\000m\000e\000,\000\040\000i\000n\000t\000\040\000d\000u\000r\000e\000e\000S\000i\000m\000u\000,\000\040\000i\000n\000t\000\040\000n\000u\000m\000e\000r\000o\000S\000i\000m\000u\000\051}{subsection.3.2}% 22
\BOOKMARK [3][-]{subsubsection.3.2.6}{\376\377\000[\000l\000s\000t\000:\000a\000j\000o\000u\000t\000D\000o\000n\000n\000e\000e\000L\000o\000g\000g\000e\000r\000]\000p\000u\000b\000l\000i\000c\000\040\000v\000o\000i\000d\000\040\000l\000o\000g\000M\000o\000i\000s\000\050\000i\000n\000t\000\040\000m\000o\000i\000s\000,\000\040\000i\000n\000t\000\040\000v\000i\000v\000a\000n\000t\000s\000,\000\040\000i\000n\000t\000\040\000m\000o\000r\000t\000s\000T\000o\000t\000,\000\040\000i\000n\000t\000\040\000m\000o\000r\000t\000s\000B\000e\000b\000e\000T\000o\000t\000,\000\040\000i\000n\000t\000\040\000m\000o\000r\000t\000s\000E\000n\000f\000a\000n\000t\000s\000T\000o\000t\000,\000\040\000i\000n\000t\000\040\000m\000o\000r\000t\000s\000A\000d\000u\000l\000t\000e\000T\000o\000t\000,\000\040\000i\000n\000t\000\040\000n\000a\000i\000s\000s\000a\000n\000c\000e\000M\000o\000i\000s\000,\000\040\000i\000n\000t\000\040\000m\000o\000r\000t\000s\000B\000e\000b\000e\000,\000\040\000i\000n\000t\000\040\000m\000o\000r\000t\000s\000E\000n\000f\000a\000n\000t\000s\000,\000\040\000i\000n\000t\000\040\000m\000o\000r\000t\000s\000A\000d\000u\000l\000t\000e\000,\000\040\000i\000n\000t\000\040\000m\000o\000r\000t\000s\000P\000a\000r\000M\000o\000i\000s\000\051}{subsection.3.2}% 23
\BOOKMARK [1][-]{section.4}{\376\377\000R\000\351\000s\000u\000l\000t\000a\000t\000s}{}% 24
\BOOKMARK [2][-]{subsection.4.1}{\376\377\000E\000x\000e\000m\000p\000l\000e\000\040\000d\000e\000\040\000d\000o\000n\000n\000\351\000e\000\040\000b\000r\000u\000t\000e}{section.4}% 25
\BOOKMARK [2][-]{subsection.4.2}{\376\377\000D\000o\000n\000n\000\351\000e\000s\000\040\000m\000i\000s\000e\000s\000\040\000s\000o\000u\000s\000\040\000f\000o\000r\000m\000e\000\040\000d\000e\000\040\000g\000r\000a\000p\000h\000e}{section.4}% 26
\BOOKMARK [1][-]{section.5}{\376\377\000A\000n\000a\000l\000y\000s\000e\000\040\000d\000e\000s\000\040\000r\000\351\000s\000u\000l\000t\000a\000t\000s}{}% 27
\BOOKMARK [2][-]{subsection.5.1}{\376\377\000D\000y\000n\000a\000m\000i\000q\000u\000e\000\040\000g\000l\000o\000b\000a\000l\000e\000\040\000d\000e\000\040\000l\000a\000\040\000p\000o\000p\000u\000l\000a\000t\000i\000o\000n}{section.5}% 28
\BOOKMARK [2][-]{subsection.5.2}{\376\377\000V\000a\000r\000i\000a\000b\000i\000l\000i\000t\000\351\000\040\000p\000a\000r\000\040\000t\000r\000a\000n\000c\000h\000e\000s\000\040\000\050\000B\000o\000x\000p\000l\000o\000t\000s\000\051}{section.5}% 29
\BOOKMARK [2][-]{subsection.5.3}{\376\377\000M\000o\000y\000e\000n\000n\000e\000\040\000v\000s\000\040\000M\000\351\000d\000i\000a\000n\000e\000\040\000a\000v\000e\000c\000\040\000b\000a\000n\000d\000e\000\040\000\040\000\311\000c\000a\000r\000t\000-\000t\000y\000p\000e}{section.5}% 30
\BOOKMARK [1][-]{section.6}{\376\377\000C\000o\000n\000c\000l\000u\000s\000i\000o\000n}{}% 31
